<?xml version="1.0" encoding="utf-8"?><testsuites name="pytest tests"><testsuite name="pytest" errors="0" failures="0" skipped="2" tests="618" time="74.265" timestamp="2026-08-29T15:49:37.081252+03:00" hostname="HUAWEI-MMASOUD"><testcase classname="tests.performance.test_parallel_runner" name="test_parallel_runner_matches_serial_numeric_artifacts[thread]" time="0.551" /><testcase classname="tests.performance.test_parallel_runner" name="test_parallel_runner_matches_serial_numeric_artifacts[process]" time="1.727" /><testcase classname="tests.regression.test_ace_equation_conformance" name="test_printed_equation_matches_frozen_operator[at_floor-all_worsening]" time="0.016" /><testcase classname="tests.regression.test_ace_equation_conformance" name="test_printed_equation_matches_frozen_operator[at_floor-all_zero]" time="0.001" /><testcase classname="tests.regression.test_ace_equation_conformance" name="test_printed_equation_matches_frozen_operator[at_floor-nan_present]" time="0.001" /><testcase classname="tests.regression.test_ace_equation_conformance" name="test_printed_equation_matches_frozen_operator[at_floor-net_improving_all]" time="0.001" /><testcase classname="tests.regression.test_ace_equation_conformance" name="test_printed_equation_matches_frozen_operator[at_floor-net_improving_mixed]" time="0.001" /><testcase classname="tests.regression.test_ace_equation_conformance" name="test_printed_equation_matches_frozen_operator[at_floor-net_worsening_one_improved]" time="0.001" /><testcase classname="tests.regression.test_ace_equation_conformance" name="test_printed_equation_matches_frozen_operator[at_floor-net_worsening_some_improved]" time="0.001" /><testcase classname="tests.regression.test_ace_equation_conformance" name="test_printed_equation_matches_frozen_operator[at_floor-non_finite]" time="0.001" /><testcase classname="tests.regression.test_ace_equation_conformance" name="test_printed_equation_matches_frozen_operator[at_floor-sum_exactly_zero]" time="0.001" /><testcase classname="tests.regression.test_ace_equation_conformance" name="test_printed_equation_matches_frozen_operator[frozen_init-all_worsening]" time="0.002" /><testcase classname="tests.regression.test_ace_equation_conformance" name="test_printed_equation_matches_frozen_operator[frozen_init-all_zero]" time="0.001" /><testcase classname="tests.regression.test_ace_equation_conformance" name="test_printed_equation_matches_frozen_operator[frozen_init-nan_present]" time="0.001" /><testcase classname="tests.regression.test_ace_equation_conformance" name="test_printed_equation_matches_frozen_operator[frozen_init-net_improving_all]" time="0.001" /><testcase classname="tests.regression.test_ace_equation_conformance" name="test_printed_equation_matches_frozen_operator[frozen_init-net_improving_mixed]" time="0.001" /><testcase classname="tests.regression.test_ace_equation_conformance" name="test_printed_equation_matches_frozen_operator[frozen_init-net_worsening_one_improved]" time="0.001" /><testcase classname="tests.regression.test_ace_equation_conformance" name="test_printed_equation_matches_frozen_operator[frozen_init-net_worsening_some_improved]" time="0.001" /><testcase classname="tests.regression.test_ace_equation_conformance" name="test_printed_equation_matches_frozen_operator[frozen_init-non_finite]" time="0.001" /><testcase classname="tests.regression.test_ace_equation_conformance" name="test_printed_equation_matches_frozen_operator[frozen_init-sum_exactly_zero]" time="0.001" /><testcase classname="tests.regression.test_ace_equation_conformance" name="test_printed_equation_matches_frozen_operator[uniform-all_worsening]" time="0.001" /><testcase classname="tests.regression.test_ace_equation_conformance" name="test_printed_equation_matches_frozen_operator[uniform-all_zero]" time="0.001" /><testcase classname="tests.regression.test_ace_equation_conformance" name="test_printed_equation_matches_frozen_operator[uniform-nan_present]" time="0.001" /><testcase classname="tests.regression.test_ace_equation_conformance" name="test_printed_equation_matches_frozen_operator[uniform-net_improving_all]" time="0.001" /><testcase classname="tests.regression.test_ace_equation_conformance" name="test_printed_equation_matches_frozen_operator[uniform-net_improving_mixed]" time="0.001" /><testcase classname="tests.regression.test_ace_equation_conformance" name="test_printed_equation_matches_frozen_operator[uniform-net_worsening_one_improved]" time="0.001" /><testcase classname="tests.regression.test_ace_equation_conformance" name="test_printed_equation_matches_frozen_operator[uniform-net_worsening_some_improved]" time="0.001" /><testcase classname="tests.regression.test_ace_equation_conformance" name="test_printed_equation_matches_frozen_operator[uniform-non_finite]" time="0.001" /><testcase classname="tests.regression.test_ace_equation_conformance" name="test_printed_equation_matches_frozen_operator[uniform-sum_exactly_zero]" time="0.001" /><testcase classname="tests.regression.test_ace_equation_conformance" name="test_single_arm_pool[all_worsening]" time="0.001" /><testcase classname="tests.regression.test_ace_equation_conformance" name="test_single_arm_pool[all_zero]" time="0.001" /><testcase classname="tests.regression.test_ace_equation_conformance" name="test_single_arm_pool[nan_present]" time="0.001" /><testcase classname="tests.regression.test_ace_equation_conformance" name="test_single_arm_pool[net_improving_all]" time="0.001" /><testcase classname="tests.regression.test_ace_equation_conformance" name="test_single_arm_pool[net_improving_mixed]" time="0.001" /><testcase classname="tests.regression.test_ace_equation_conformance" name="test_single_arm_pool[net_worsening_one_improved]" time="0.001" /><testcase classname="tests.regression.test_ace_equation_conformance" name="test_single_arm_pool[net_worsening_some_improved]" time="0.001" /><testcase classname="tests.regression.test_ace_equation_conformance" name="test_single_arm_pool[non_finite]" time="0.001" /><testcase classname="tests.regression.test_ace_equation_conformance" name="test_single_arm_pool[sum_exactly_zero]" time="0.001" /><testcase classname="tests.regression.test_ace_equation_conformance" name="test_numba_fast_path_agrees[all_worsening]" time="0.001" /><testcase classname="tests.regression.test_ace_equation_conformance" name="test_numba_fast_path_agrees[all_zero]" time="0.001" /><testcase classname="tests.regression.test_ace_equation_conformance" name="test_numba_fast_path_agrees[nan_present]" time="0.001" /><testcase classname="tests.regression.test_ace_equation_conformance" name="test_numba_fast_path_agrees[net_improving_all]" time="0.001" /><testcase classname="tests.regression.test_ace_equation_conformance" name="test_numba_fast_path_agrees[net_improving_mixed]" time="0.002" /><testcase classname="tests.regression.test_ace_equation_conformance" name="test_numba_fast_path_agrees[net_worsening_one_improved]" time="0.001" /><testcase classname="tests.regression.test_ace_equation_conformance" name="test_numba_fast_path_agrees[net_worsening_some_improved]" time="0.001" /><testcase classname="tests.regression.test_ace_equation_conformance" name="test_numba_fast_path_agrees[non_finite]" time="0.001" /><testcase classname="tests.regression.test_ace_equation_conformance" name="test_numba_fast_path_agrees[sum_exactly_zero]" time="0.001" /><testcase classname="tests.regression.test_ace_equation_conformance" name="test_output_is_a_floored_probability_vector[at_floor-all_worsening]" time="0.001" /><testcase classname="tests.regression.test_ace_equation_conformance" name="test_output_is_a_floored_probability_vector[at_floor-all_zero]" time="0.001" /><testcase classname="tests.regression.test_ace_equation_conformance" name="test_output_is_a_floored_probability_vector[at_floor-nan_present]" time="0.001" /><testcase classname="tests.regression.test_ace_equation_conformance" name="test_output_is_a_floored_probability_vector[at_floor-net_improving_all]" time="0.001" /><testcase classname="tests.regression.test_ace_equation_conformance" name="test_output_is_a_floored_probability_vector[at_floor-net_improving_mixed]" time="0.001" /><testcase classname="tests.regression.test_ace_equation_conformance" name="test_output_is_a_floored_probability_vector[at_floor-net_worsening_one_improved]" time="0.001" /><testcase classname="tests.regression.test_ace_equation_conformance" name="test_output_is_a_floored_probability_vector[at_floor-net_worsening_some_improved]" time="0.001" /><testcase classname="tests.regression.test_ace_equation_conformance" name="test_output_is_a_floored_probability_vector[at_floor-non_finite]" time="0.001" /><testcase classname="tests.regression.test_ace_equation_conformance" name="test_output_is_a_floored_probability_vector[at_floor-sum_exactly_zero]" time="0.001" /><testcase classname="tests.regression.test_ace_equation_conformance" name="test_output_is_a_floored_probability_vector[frozen_init-all_worsening]" time="0.001" /><testcase classname="tests.regression.test_ace_equation_conformance" name="test_output_is_a_floored_probability_vector[frozen_init-all_zero]" time="0.002" /><testcase classname="tests.regression.test_ace_equation_conformance" name="test_output_is_a_floored_probability_vector[frozen_init-nan_present]" time="0.001" /><testcase classname="tests.regression.test_ace_equation_conformance" name="test_output_is_a_floored_probability_vector[frozen_init-net_improving_all]" time="0.001" /><testcase classname="tests.regression.test_ace_equation_conformance" name="test_output_is_a_floored_probability_vector[frozen_init-net_improving_mixed]" time="0.001" /><testcase classname="tests.regression.test_ace_equation_conformance" name="test_output_is_a_floored_probability_vector[frozen_init-net_worsening_one_improved]" time="0.000" /><testcase classname="tests.regression.test_ace_equation_conformance" name="test_output_is_a_floored_probability_vector[frozen_init-net_worsening_some_improved]" time="0.001" /><testcase classname="tests.regression.test_ace_equation_conformance" name="test_output_is_a_floored_probability_vector[frozen_init-non_finite]" time="0.000" /><testcase classname="tests.regression.test_ace_equation_conformance" name="test_output_is_a_floored_probability_vector[frozen_init-sum_exactly_zero]" time="0.000" /><testcase classname="tests.regression.test_ace_equation_conformance" name="test_output_is_a_floored_probability_vector[uniform-all_worsening]" time="0.000" /><testcase classname="tests.regression.test_ace_equation_conformance" name="test_output_is_a_floored_probability_vector[uniform-all_zero]" time="0.000" /><testcase classname="tests.regression.test_ace_equation_conformance" name="test_output_is_a_floored_probability_vector[uniform-nan_present]" time="0.000" /><testcase classname="tests.regression.test_ace_equation_conformance" name="test_output_is_a_floored_probability_vector[uniform-net_improving_all]" time="0.000" /><testcase classname="tests.regression.test_ace_equation_conformance" name="test_output_is_a_floored_probability_vector[uniform-net_improving_mixed]" time="0.000" /><testcase classname="tests.regression.test_ace_equation_conformance" name="test_output_is_a_floored_probability_vector[uniform-net_worsening_one_improved]" time="0.000" /><testcase classname="tests.regression.test_ace_equation_conformance" name="test_output_is_a_floored_probability_vector[uniform-net_worsening_some_improved]" time="0.000" /><testcase classname="tests.regression.test_ace_equation_conformance" name="test_output_is_a_floored_probability_vector[uniform-non_finite]" time="0.001" /><testcase classname="tests.regression.test_ace_equation_conformance" name="test_output_is_a_floored_probability_vector[uniform-sum_exactly_zero]" time="0.001" /><testcase classname="tests.regression.test_ace_equation_conformance" name="test_hold_branches_do_not_move_an_already_valid_vector" time="0.001" /><testcase classname="tests.regression.test_ace_equation_conformance" name="test_projection_is_the_euclidean_projection" time="0.021" /><testcase classname="tests.regression.test_budget_crossing_semantics" name="test_counted_budget_never_exceeds_maxfes[gsk]" time="0.012" /><testcase classname="tests.regression.test_budget_crossing_semantics" name="test_counted_budget_never_exceeds_maxfes[agsk]" time="0.008" /><testcase classname="tests.regression.test_budget_crossing_semantics" name="test_counted_budget_never_exceeds_maxfes[apgsk]" time="0.009" /><testcase classname="tests.regression.test_budget_crossing_semantics" name="test_counted_budget_never_exceeds_maxfes[fdb-agsk]" time="0.010" /><testcase classname="tests.regression.test_budget_crossing_semantics" name="test_counted_budget_never_exceeds_maxfes[atmals-gsk]" time="0.009" /><testcase classname="tests.regression.test_budget_crossing_semantics" name="test_counted_budget_never_exceeds_maxfes[egsk]" time="0.004" /><testcase classname="tests.regression.test_budget_crossing_semantics" name="test_counted_budget_never_exceeds_maxfes[dt-gsk]" time="0.298" /><testcase classname="tests.regression.test_budget_crossing_semantics" name="test_over_cap_rows_are_inert[gsk]" time="0.005" /><testcase classname="tests.regression.test_budget_crossing_semantics" name="test_over_cap_rows_are_inert[agsk]" time="0.015" /><testcase classname="tests.regression.test_budget_crossing_semantics" name="test_over_cap_rows_are_inert[apgsk]" time="0.016" /><testcase classname="tests.regression.test_budget_crossing_semantics" name="test_over_cap_rows_are_inert[fdb-agsk]" time="0.018" /><testcase classname="tests.regression.test_budget_crossing_semantics" name="test_over_cap_rows_are_inert[atmals-gsk]" time="0.018" /><testcase classname="tests.regression.test_budget_crossing_semantics" name="test_over_cap_rows_are_inert[egsk]" time="0.008" /><testcase classname="tests.regression.test_budget_crossing_semantics" name="test_over_cap_rows_are_inert[dt-gsk]" time="0.049" /><testcase classname="tests.regression.test_cec2020_restored_cells" name="test_restored_cell_matches_cpp_oracle[1-5]" time="0.026" /><testcase classname="tests.regression.test_cec2020_restored_cells" name="test_restored_cell_matches_cpp_oracle[1-15]" time="0.001" /><testcase classname="tests.regression.test_cec2020_restored_cells" name="test_restored_cell_matches_cpp_oracle[8-5]" time="0.060" /><testcase classname="tests.regression.test_cec2020_restored_cells" name="test_restored_cell_matches_cpp_oracle[8-15]" time="0.001" /><testcase classname="tests.regression.test_cec2020_restored_cells" name="test_protocol_exclusions_still_refused" time="0.002" /><testcase classname="tests.regression.test_dormant_mechanisms_unreachable" name="test_hooks_exist_but_default_to_none" time="0.001" /><testcase classname="tests.regression.test_dormant_mechanisms_unreachable" name="test_hooks_are_not_configuration_fields" time="0.001" /><testcase classname="tests.regression.test_dormant_mechanisms_unreachable" name="test_no_profile_sets_the_hooks" time="0.001" /><testcase classname="tests.regression.test_dormant_mechanisms_unreachable" name="test_public_adapter_does_not_forward_arbitrary_kwargs" time="0.001" /><testcase classname="tests.regression.test_dormant_mechanisms_unreachable" name="test_no_runner_or_cli_path_references_the_hooks" time="0.013" /><testcase classname="tests.regression.test_dormant_mechanisms_unreachable" name="test_ism_subspace_local_search_stays_disabled_in_the_frozen_profile" time="0.001" /><testcase classname="tests.regression.test_dormant_mechanisms_unreachable" name="test_trust_region_governor_is_removed_and_its_telemetry_pinned" time="0.021" /><testcase classname="tests.regression.test_dt_graph_backend_parity" name="test_interaction_graph_kernels_are_bound" time="0.000" /><testcase classname="tests.regression.test_dt_graph_backend_parity" name="test_graph_backends_are_bit_identical[cec2017-3-50]" time="1.058" /><testcase classname="tests.regression.test_dt_graph_backend_parity" name="test_graph_backends_are_bit_identical[cec2017-5-50]" time="1.038" /><testcase classname="tests.regression.test_dt_gsk_byte_stable" name="test_dt_gsk_byte_stable[sphere-1-10-0.2945738850554555]" time="0.115" /><testcase classname="tests.regression.test_dt_gsk_byte_stable" name="test_dt_gsk_byte_stable[sphere-1-30-761.956387784266]" time="0.079" /><testcase classname="tests.regression.test_dt_gsk_byte_stable" name="test_dt_gsk_byte_stable[cec2017-1-10-644728.3858160916]" time="0.105" /><testcase classname="tests.regression.test_dt_gsk_byte_stable" name="test_dt_gsk_byte_stable[cec2017-3-30-69409.92642761044]" time="0.084" /><testcase classname="tests.regression.test_dt_gsk_byte_stable_high_dim" name="test_high_dim_subsystems_are_active[cec2017-7-50]" time="0.001" /><testcase classname="tests.regression.test_dt_gsk_byte_stable_high_dim" name="test_high_dim_subsystems_are_active[cec2017-13-50]" time="0.001" /><testcase classname="tests.regression.test_dt_gsk_byte_stable_high_dim" name="test_high_dim_subsystems_are_active[cec2017-20-50]" time="0.001" /><testcase classname="tests.regression.test_dt_gsk_byte_stable_high_dim" name="test_high_dim_subsystems_are_active[cec2017-13-100]" time="0.001" /><testcase classname="tests.regression.test_dt_gsk_byte_stable_high_dim" name="test_high_dim_subsystems_are_active[cec2017-20-100]" time="0.001" /><testcase classname="tests.regression.test_dt_gsk_byte_stable_high_dim" name="test_dt_gsk_repeat_identical_high_dim[cec2017-7-50]" time="2.766" /><testcase classname="tests.regression.test_dt_gsk_byte_stable_high_dim" name="test_dt_gsk_repeat_identical_high_dim[cec2017-13-50]" time="3.694" /><testcase classname="tests.regression.test_dt_gsk_byte_stable_high_dim" name="test_dt_gsk_repeat_identical_high_dim[cec2017-20-50]" time="3.272" /><testcase classname="tests.regression.test_dt_gsk_byte_stable_high_dim" name="test_dt_gsk_repeat_identical_high_dim[cec2017-13-100]" time="2.905" /><testcase classname="tests.regression.test_dt_gsk_byte_stable_high_dim" name="test_dt_gsk_repeat_identical_high_dim[cec2017-20-100]" time="2.755" /><testcase classname="tests.regression.test_dt_gsk_curve_monotone" name="test_deep_stall_fires_and_raw_core_emission_regresses" time="0.110" /><testcase classname="tests.regression.test_dt_gsk_curve_monotone" name="test_adapter_convergence_trace_is_monotone_across_deep_stall" time="0.117" /><testcase classname="tests.regression.test_dt_polish_incumbent_consistent" name="test_polish_entry_incumbent_is_consistent[cec2017-3-50]" time="0.714" /><testcase classname="tests.regression.test_dt_polish_incumbent_consistent" name="test_polish_entry_incumbent_is_consistent[cec2017-5-50]" time="0.671" /><testcase classname="tests.regression.test_external_bounds_and_grouping" name="test_mos_respects_heterogeneous_bounds[21]" time="0.381" /><testcase classname="tests.regression.test_external_bounds_and_grouping" name="test_mos_respects_heterogeneous_bounds[17]" time="0.425" /><testcase classname="tests.regression.test_external_bounds_and_grouping" name="test_mos_respects_heterogeneous_bounds[22]" time="0.365" /><testcase classname="tests.regression.test_external_bounds_and_grouping" name="test_mos_respects_heterogeneous_bounds[15]" time="0.339" /><testcase classname="tests.regression.test_external_bounds_and_grouping" name="test_mos_respects_heterogeneous_bounds[12]" time="0.463" /><testcase classname="tests.regression.test_external_bounds_and_grouping" name="test_mos_is_identity_on_uniform_bounds" time="0.226" /><testcase classname="tests.regression.test_external_bounds_and_grouping" name="test_decc_g_refuses_degenerate_grouping[5]" time="0.001" /><testcase classname="tests.regression.test_external_bounds_and_grouping" name="test_decc_g_refuses_degenerate_grouping[20]" time="0.001" /><testcase classname="tests.regression.test_external_bounds_and_grouping" name="test_decc_g_refuses_degenerate_grouping[100]" time="0.001" /><testcase classname="tests.regression.test_external_bounds_and_grouping" name="test_decc_g_allows_explicit_smaller_group_size" time="0.041" /><testcase classname="tests.regression.test_family_golden_values" name="test_golden_value[sphere-F1-gsk]" time="0.007" /><testcase classname="tests.regression.test_family_golden_values" name="test_golden_value[sphere-F1-agsk]" time="0.021" /><testcase classname="tests.regression.test_family_golden_values" name="test_golden_value[sphere-F1-apgsk]" time="0.022" /><testcase classname="tests.regression.test_family_golden_values" name="test_golden_value[sphere-F1-fdb-agsk]" time="0.023" /><testcase classname="tests.regression.test_family_golden_values" name="test_golden_value[sphere-F1-atmals-gsk]" time="0.015" /><testcase classname="tests.regression.test_family_golden_values" name="test_golden_value[sphere-F1-egsk]" time="0.008" /><testcase classname="tests.regression.test_family_golden_values" name="test_golden_value[sphere-F1-dt-gsk]" time="0.071" /><testcase classname="tests.regression.test_family_golden_values" name="test_golden_value[cec2017-F5-gsk]" time="0.009" /><testcase classname="tests.regression.test_family_golden_values" name="test_golden_value[cec2017-F5-agsk]" time="0.035" /><testcase classname="tests.regression.test_family_golden_values" name="test_golden_value[cec2017-F5-apgsk]" time="0.035" /><testcase classname="tests.regression.test_family_golden_values" name="test_golden_value[cec2017-F5-fdb-agsk]" time="0.043" /><testcase classname="tests.regression.test_family_golden_values" name="test_golden_value[cec2017-F5-atmals-gsk]" time="0.022" /><testcase classname="tests.regression.test_family_golden_values" name="test_golden_value[cec2017-F5-egsk]" time="0.014" /><testcase classname="tests.regression.test_family_golden_values" name="test_golden_value[cec2017-F5-dt-gsk]" time="0.099" /><testcase classname="tests.regression.test_family_golden_values" name="test_golden_value[cec2013-F1-gsk]" time="0.020" /><testcase classname="tests.regression.test_family_golden_values" name="test_golden_value[cec2013-F1-agsk]" time="0.030" /><testcase classname="tests.regression.test_family_golden_values" name="test_golden_value[cec2013-F1-apgsk]" time="0.029" /><testcase classname="tests.regression.test_family_golden_values" name="test_golden_value[cec2013-F1-fdb-agsk]" time="0.031" /><testcase classname="tests.regression.test_family_golden_values" name="test_golden_value[cec2013-F1-atmals-gsk]" time="0.016" /><testcase classname="tests.regression.test_family_golden_values" name="test_golden_value[cec2013-F1-egsk]" time="0.007" /><testcase classname="tests.regression.test_family_golden_values" name="test_golden_value[cec2013-F1-dt-gsk]" time="0.083" /><testcase classname="tests.regression.test_family_golden_values" name="test_golden_value[cec2020-F2-gsk]" time="0.026" /><testcase classname="tests.regression.test_family_golden_values" name="test_golden_value[cec2020-F2-agsk]" time="0.039" /><testcase classname="tests.regression.test_family_golden_values" name="test_golden_value[cec2020-F2-apgsk]" time="0.038" /><testcase classname="tests.regression.test_family_golden_values" name="test_golden_value[cec2020-F2-fdb-agsk]" time="0.052" /><testcase classname="tests.regression.test_family_golden_values" name="test_golden_value[cec2020-F2-atmals-gsk]" time="0.024" /><testcase classname="tests.regression.test_family_golden_values" name="test_golden_value[cec2020-F2-egsk]" time="0.012" /><testcase classname="tests.regression.test_family_golden_values" name="test_golden_value[cec2020-F2-dt-gsk]" time="0.118" /><testcase classname="tests.regression.test_family_golden_values" name="test_golden_value[cec2011-F1-gsk]" time="0.047" /><testcase classname="tests.regression.test_family_golden_values" name="test_golden_value[cec2011-F1-agsk]" time="0.088" /><testcase classname="tests.regression.test_family_golden_values" name="test_golden_value[cec2011-F1-apgsk]" time="0.054" /><testcase classname="tests.regression.test_family_golden_values" name="test_golden_value[cec2011-F1-fdb-agsk]" time="0.061" /><testcase classname="tests.regression.test_family_golden_values" name="test_golden_value[cec2011-F1-atmals-gsk]" time="0.048" /><testcase classname="tests.regression.test_family_golden_values" name="test_golden_value[cec2011-F1-egsk]" time="0.046" /><testcase classname="tests.regression.test_family_golden_values" name="test_golden_value[cec2011-F1-dt-gsk]" time="0.138" /><testcase classname="tests.regression.test_family_golden_values" name="test_golden_value[cec2013lsgo-F1-gsk]" time="0.141" /><testcase classname="tests.regression.test_family_golden_values" name="test_golden_value[cec2013lsgo-F1-agsk]" time="0.124" /><testcase classname="tests.regression.test_family_golden_values" name="test_golden_value[cec2013lsgo-F1-apgsk]" time="0.125" /><testcase classname="tests.regression.test_family_golden_values" name="test_golden_value[cec2013lsgo-F1-fdb-agsk]" time="0.137" /><testcase classname="tests.regression.test_family_golden_values" name="test_golden_value[cec2013lsgo-F1-atmals-gsk]" time="0.167" /><testcase classname="tests.regression.test_family_golden_values" name="test_golden_value[cec2013lsgo-F1-egsk]" time="0.094" /><testcase classname="tests.regression.test_family_golden_values" name="test_golden_value[cec2013lsgo-F1-dt-gsk]" time="0.108" /><testcase classname="tests.regression.test_fp_regime" name="test_canonical_regime_is_jit_complete_and_deterministic" time="0.001" /><testcase classname="tests.regression.test_fp_regime" name="test_numba_fallback_is_rejected_fail_closed" time="0.171" /><testcase classname="tests.regression.test_fp_regime" name="test_dt_gsk_process_order_insensitivity[plain]" time="1.269" /><testcase classname="tests.regression.test_fp_regime" name="test_dt_gsk_process_order_insensitivity[prefair]" time="1.294" /><testcase classname="tests.regression.test_fp_regime" name="test_sentinel_thread_invariance" time="0.893" /><testcase classname="tests.regression.test_friedman_tie_correction" name="test_no_ties_correction_is_exactly_identity" time="0.001" /><testcase classname="tests.regression.test_friedman_tie_correction" name="test_ties_increase_the_statistic_and_never_decrease_significance[0.15]" time="0.001" /><testcase classname="tests.regression.test_friedman_tie_correction" name="test_ties_increase_the_statistic_and_never_decrease_significance[0.35]" time="0.001" /><testcase classname="tests.regression.test_friedman_tie_correction" name="test_ties_increase_the_statistic_and_never_decrease_significance[0.6]" time="0.001" /><testcase classname="tests.regression.test_friedman_tie_correction" name="test_matches_scipy_friedmanchisquare[0.0-0]" time="0.002" /><testcase classname="tests.regression.test_friedman_tie_correction" name="test_matches_scipy_friedmanchisquare[0.0-1]" time="0.002" /><testcase classname="tests.regression.test_friedman_tie_correction" name="test_matches_scipy_friedmanchisquare[0.0-2]" time="0.002" /><testcase classname="tests.regression.test_friedman_tie_correction" name="test_matches_scipy_friedmanchisquare[0.0-3]" time="0.002" /><testcase classname="tests.regression.test_friedman_tie_correction" name="test_matches_scipy_friedmanchisquare[0.0-4]" time="0.003" /><testcase classname="tests.regression.test_friedman_tie_correction" name="test_matches_scipy_friedmanchisquare[0.0-5]" time="0.002" /><testcase classname="tests.regression.test_friedman_tie_correction" name="test_matches_scipy_friedmanchisquare[0.0-6]" time="0.002" /><testcase classname="tests.regression.test_friedman_tie_correction" name="test_matches_scipy_friedmanchisquare[0.0-7]" time="0.002" /><testcase classname="tests.regression.test_friedman_tie_correction" name="test_matches_scipy_friedmanchisquare[0.0-8]" time="0.002" /><testcase classname="tests.regression.test_friedman_tie_correction" name="test_matches_scipy_friedmanchisquare[0.0-9]" time="0.002" /><testcase classname="tests.regression.test_friedman_tie_correction" name="test_matches_scipy_friedmanchisquare[0.0-10]" time="0.002" /><testcase classname="tests.regression.test_friedman_tie_correction" name="test_matches_scipy_friedmanchisquare[0.0-11]" time="0.002" /><testcase classname="tests.regression.test_friedman_tie_correction" name="test_matches_scipy_friedmanchisquare[0.25-0]" time="0.002" /><testcase classname="tests.regression.test_friedman_tie_correction" name="test_matches_scipy_friedmanchisquare[0.25-1]" time="0.002" /><testcase classname="tests.regression.test_friedman_tie_correction" name="test_matches_scipy_friedmanchisquare[0.25-2]" time="0.005" /><testcase classname="tests.regression.test_friedman_tie_correction" name="test_matches_scipy_friedmanchisquare[0.25-3]" time="0.003" /><testcase classname="tests.regression.test_friedman_tie_correction" name="test_matches_scipy_friedmanchisquare[0.25-4]" time="0.002" /><testcase classname="tests.regression.test_friedman_tie_correction" name="test_matches_scipy_friedmanchisquare[0.25-5]" time="0.002" /><testcase classname="tests.regression.test_friedman_tie_correction" name="test_matches_scipy_friedmanchisquare[0.25-6]" time="0.002" /><testcase classname="tests.regression.test_friedman_tie_correction" name="test_matches_scipy_friedmanchisquare[0.25-7]" time="0.002" /><testcase classname="tests.regression.test_friedman_tie_correction" name="test_matches_scipy_friedmanchisquare[0.25-8]" time="0.002" /><testcase classname="tests.regression.test_friedman_tie_correction" name="test_matches_scipy_friedmanchisquare[0.25-9]" time="0.002" /><testcase classname="tests.regression.test_friedman_tie_correction" name="test_matches_scipy_friedmanchisquare[0.25-10]" time="0.002" /><testcase classname="tests.regression.test_friedman_tie_correction" name="test_matches_scipy_friedmanchisquare[0.25-11]" time="0.002" /><testcase classname="tests.regression.test_friedman_tie_correction" name="test_matches_scipy_friedmanchisquare[0.5-0]" time="0.002" /><testcase classname="tests.regression.test_friedman_tie_correction" name="test_matches_scipy_friedmanchisquare[0.5-1]" time="0.002" /><testcase classname="tests.regression.test_friedman_tie_correction" name="test_matches_scipy_friedmanchisquare[0.5-2]" time="0.002" /><testcase classname="tests.regression.test_friedman_tie_correction" name="test_matches_scipy_friedmanchisquare[0.5-3]" time="0.002" /><testcase classname="tests.regression.test_friedman_tie_correction" name="test_matches_scipy_friedmanchisquare[0.5-4]" time="0.002" /><testcase classname="tests.regression.test_friedman_tie_correction" name="test_matches_scipy_friedmanchisquare[0.5-5]" time="0.002" /><testcase classname="tests.regression.test_friedman_tie_correction" name="test_matches_scipy_friedmanchisquare[0.5-6]" time="0.002" /><testcase classname="tests.regression.test_friedman_tie_correction" name="test_matches_scipy_friedmanchisquare[0.5-7]" time="0.002" /><testcase classname="tests.regression.test_friedman_tie_correction" name="test_matches_scipy_friedmanchisquare[0.5-8]" time="0.002" /><testcase classname="tests.regression.test_friedman_tie_correction" name="test_matches_scipy_friedmanchisquare[0.5-9]" time="0.002" /><testcase classname="tests.regression.test_friedman_tie_correction" name="test_matches_scipy_friedmanchisquare[0.5-10]" time="0.002" /><testcase classname="tests.regression.test_friedman_tie_correction" name="test_matches_scipy_friedmanchisquare[0.5-11]" time="0.002" /><testcase classname="tests.regression.test_friedman_tie_correction" name="test_average_ranks_are_invariant_under_the_correction[0]" time="0.003" /><testcase classname="tests.regression.test_friedman_tie_correction" name="test_average_ranks_are_invariant_under_the_correction[1]" time="0.003" /><testcase classname="tests.regression.test_friedman_tie_correction" name="test_average_ranks_are_invariant_under_the_correction[2]" time="0.003" /><testcase classname="tests.regression.test_friedman_tie_correction" name="test_average_ranks_are_invariant_under_the_correction[3]" time="0.002" /><testcase classname="tests.regression.test_friedman_tie_correction" name="test_average_ranks_are_invariant_under_the_correction[4]" time="0.002" /><testcase classname="tests.regression.test_friedman_tie_correction" name="test_average_ranks_are_invariant_under_the_correction[5]" time="0.002" /><testcase classname="tests.regression.test_friedman_tie_correction" name="test_uncorrected_fields_retain_the_historical_formula" time="0.003" /><testcase classname="tests.regression.test_friedman_tie_correction" name="test_fully_tied_matrix_yields_nan_not_infinity" time="0.001" /><testcase classname="tests.regression.test_friedman_tie_correction" name="test_single_tie_group_correction_matches_closed_form" time="0.001" /><testcase classname="tests.regression.test_pool_self_heal" name="test_transient_break_recovers_on_pool_rebuild" time="0.111" /><testcase classname="tests.regression.test_pool_self_heal" name="test_persistent_break_falls_back_to_serial" time="0.109" /><testcase classname="tests.regression.test_resume_preserves_environment" name="test_zero_new_runs_resume_preserves_environment_json" time="0.106" /><testcase classname="tests.regression.test_resume_summary_not_truncated" name="test_resume_touching_one_function_keeps_the_others" time="0.006" /><testcase classname="tests.regression.test_resume_summary_not_truncated" name="test_partially_resumed_function_uses_all_banked_runs" time="0.014" /><testcase classname="tests.regression.test_resume_summary_not_truncated" name="test_cec2011_rollup_also_merges" time="0.006" /><testcase classname="tests.regression.test_resume_summary_not_truncated" name="test_resume_preserves_functions_for_every_optimizer_and_suite[cec2011-gsk]" time="0.005" /><testcase classname="tests.regression.test_resume_summary_not_truncated" name="test_resume_preserves_functions_for_every_optimizer_and_suite[cec2011-agsk]" time="0.006" /><testcase classname="tests.regression.test_resume_summary_not_truncated" name="test_resume_preserves_functions_for_every_optimizer_and_suite[cec2011-apgsk]" time="0.006" /><testcase classname="tests.regression.test_resume_summary_not_truncated" name="test_resume_preserves_functions_for_every_optimizer_and_suite[cec2011-fdb-agsk]" time="0.006" /><testcase classname="tests.regression.test_resume_summary_not_truncated" name="test_resume_preserves_functions_for_every_optimizer_and_suite[cec2011-atmals-gsk]" time="0.006" /><testcase classname="tests.regression.test_resume_summary_not_truncated" name="test_resume_preserves_functions_for_every_optimizer_and_suite[cec2011-egsk]" time="0.005" /><testcase classname="tests.regression.test_resume_summary_not_truncated" name="test_resume_preserves_functions_for_every_optimizer_and_suite[cec2011-dt-gsk]" time="0.005" /><testcase classname="tests.regression.test_resume_summary_not_truncated" name="test_resume_preserves_functions_for_every_optimizer_and_suite[cec2013-gsk]" time="0.005" /><testcase classname="tests.regression.test_resume_summary_not_truncated" name="test_resume_preserves_functions_for_every_optimizer_and_suite[cec2013-agsk]" time="0.004" /><testcase classname="tests.regression.test_resume_summary_not_truncated" name="test_resume_preserves_functions_for_every_optimizer_and_suite[cec2013-apgsk]" time="0.005" /><testcase classname="tests.regression.test_resume_summary_not_truncated" name="test_resume_preserves_functions_for_every_optimizer_and_suite[cec2013-fdb-agsk]" time="0.005" /><testcase classname="tests.regression.test_resume_summary_not_truncated" name="test_resume_preserves_functions_for_every_optimizer_and_suite[cec2013-atmals-gsk]" time="0.005" /><testcase classname="tests.regression.test_resume_summary_not_truncated" name="test_resume_preserves_functions_for_every_optimizer_and_suite[cec2013-egsk]" time="0.005" /><testcase classname="tests.regression.test_resume_summary_not_truncated" name="test_resume_preserves_functions_for_every_optimizer_and_suite[cec2013-dt-gsk]" time="0.005" /><testcase classname="tests.regression.test_resume_summary_not_truncated" name="test_resume_preserves_functions_for_every_optimizer_and_suite[cec2013lsgo-gsk]" time="0.005" /><testcase classname="tests.regression.test_resume_summary_not_truncated" name="test_resume_preserves_functions_for_every_optimizer_and_suite[cec2013lsgo-agsk]" time="0.005" /><testcase classname="tests.regression.test_resume_summary_not_truncated" name="test_resume_preserves_functions_for_every_optimizer_and_suite[cec2013lsgo-apgsk]" time="0.005" /><testcase classname="tests.regression.test_resume_summary_not_truncated" name="test_resume_preserves_functions_for_every_optimizer_and_suite[cec2013lsgo-fdb-agsk]" time="0.005" /><testcase classname="tests.regression.test_resume_summary_not_truncated" name="test_resume_preserves_functions_for_every_optimizer_and_suite[cec2013lsgo-atmals-gsk]" time="0.005" /><testcase classname="tests.regression.test_resume_summary_not_truncated" name="test_resume_preserves_functions_for_every_optimizer_and_suite[cec2013lsgo-egsk]" time="0.005" /><testcase classname="tests.regression.test_resume_summary_not_truncated" name="test_resume_preserves_functions_for_every_optimizer_and_suite[cec2013lsgo-dt-gsk]" time="0.005" /><testcase classname="tests.regression.test_resume_summary_not_truncated" name="test_resume_preserves_functions_for_every_optimizer_and_suite[cec2017-gsk]" time="0.005" /><testcase classname="tests.regression.test_resume_summary_not_truncated" name="test_resume_preserves_functions_for_every_optimizer_and_suite[cec2017-agsk]" time="0.005" /><testcase classname="tests.regression.test_resume_summary_not_truncated" name="test_resume_preserves_functions_for_every_optimizer_and_suite[cec2017-apgsk]" time="0.005" /><testcase classname="tests.regression.test_resume_summary_not_truncated" name="test_resume_preserves_functions_for_every_optimizer_and_suite[cec2017-fdb-agsk]" time="0.005" /><testcase classname="tests.regression.test_resume_summary_not_truncated" name="test_resume_preserves_functions_for_every_optimizer_and_suite[cec2017-atmals-gsk]" time="0.005" /><testcase classname="tests.regression.test_resume_summary_not_truncated" name="test_resume_preserves_functions_for_every_optimizer_and_suite[cec2017-egsk]" time="0.005" /><testcase classname="tests.regression.test_resume_summary_not_truncated" name="test_resume_preserves_functions_for_every_optimizer_and_suite[cec2017-dt-gsk]" time="0.005" /><testcase classname="tests.regression.test_resume_summary_not_truncated" name="test_resume_preserves_functions_for_every_optimizer_and_suite[cec2020-gsk]" time="0.005" /><testcase classname="tests.regression.test_resume_summary_not_truncated" name="test_resume_preserves_functions_for_every_optimizer_and_suite[cec2020-agsk]" time="0.006" /><testcase classname="tests.regression.test_resume_summary_not_truncated" name="test_resume_preserves_functions_for_every_optimizer_and_suite[cec2020-apgsk]" time="0.019" /><testcase classname="tests.regression.test_resume_summary_not_truncated" name="test_resume_preserves_functions_for_every_optimizer_and_suite[cec2020-fdb-agsk]" time="0.006" /><testcase classname="tests.regression.test_resume_summary_not_truncated" name="test_resume_preserves_functions_for_every_optimizer_and_suite[cec2020-atmals-gsk]" time="0.005" /><testcase classname="tests.regression.test_resume_summary_not_truncated" name="test_resume_preserves_functions_for_every_optimizer_and_suite[cec2020-egsk]" time="0.005" /><testcase classname="tests.regression.test_resume_summary_not_truncated" name="test_resume_preserves_functions_for_every_optimizer_and_suite[cec2020-dt-gsk]" time="0.005" /><testcase classname="tests.regression.test_resume_summary_not_truncated" name="test_resume_preserves_functions_for_every_optimizer_and_suite[sphere-gsk]" time="0.005" /><testcase classname="tests.regression.test_resume_summary_not_truncated" name="test_resume_preserves_functions_for_every_optimizer_and_suite[sphere-agsk]" time="0.005" /><testcase classname="tests.regression.test_resume_summary_not_truncated" name="test_resume_preserves_functions_for_every_optimizer_and_suite[sphere-apgsk]" time="0.005" /><testcase classname="tests.regression.test_resume_summary_not_truncated" name="test_resume_preserves_functions_for_every_optimizer_and_suite[sphere-fdb-agsk]" time="0.006" /><testcase classname="tests.regression.test_resume_summary_not_truncated" name="test_resume_preserves_functions_for_every_optimizer_and_suite[sphere-atmals-gsk]" time="0.006" /><testcase classname="tests.regression.test_resume_summary_not_truncated" name="test_resume_preserves_functions_for_every_optimizer_and_suite[sphere-egsk]" time="0.005" /><testcase classname="tests.regression.test_resume_summary_not_truncated" name="test_resume_preserves_functions_for_every_optimizer_and_suite[sphere-dt-gsk]" time="0.005" /><testcase classname="tests.regression.test_validation_ladder" name="test_python_replay_exact_for_numeric_runner_artifacts" time="0.102" /><testcase classname="tests.regression.test_validation_ladder" name="test_tiny_cec2017_reference_comparison_regression" time="0.060" /><testcase classname="tests.regression.test_validation_ladder" name="test_validation_ladder_translation_traps_are_executable" time="0.002" /><testcase classname="tests.smoke.test_agsk_smoke" name="test_agsk_sphere_smoke_and_result_contract" time="0.007" /><testcase classname="tests.smoke.test_agsk_smoke" name="test_agsk_same_seed_replays_trajectory" time="0.011" /><testcase classname="tests.smoke.test_agsk_smoke" name="test_agsk_fair_start_matches_internal_initialization_when_state_restored" time="0.007" /><testcase classname="tests.smoke.test_agsk_smoke" name="test_agsk_budget_crossing_scans_only_budgeted_child_prefix" time="0.001" /><testcase classname="tests.smoke.test_agsk_smoke" name="test_agsk_target_stop_zeroes_error_after_generation_check" time="0.001" /><testcase classname="tests.smoke.test_apgsk_smoke" name="test_apgsk_sphere_smoke_and_result_contract" time="0.007" /><testcase classname="tests.smoke.test_apgsk_smoke" name="test_apgsk_same_seed_replays_trajectory" time="0.015" /><testcase classname="tests.smoke.test_apgsk_smoke" name="test_apgsk_fair_start_matches_internal_initialization_when_state_restored" time="0.008" /><testcase classname="tests.smoke.test_apgsk_smoke" name="test_apgsk_budget_crossing_scans_only_budgeted_child_prefix" time="0.001" /><testcase classname="tests.smoke.test_apgsk_smoke" name="test_apgsk_target_stop_zeroes_error_after_generation_check" time="0.001" /><testcase classname="tests.smoke.test_atmals_gsk_smoke" name="test_atmals_gsk_sphere_smoke_and_result_contract" time="0.010" /><testcase classname="tests.smoke.test_atmals_gsk_smoke" name="test_atmals_gsk_same_seed_replays_trajectory" time="0.021" /><testcase classname="tests.smoke.test_atmals_gsk_smoke" name="test_atmals_gsk_fair_start_matches_internal_initialization_when_state_restored" time="0.012" /><testcase classname="tests.smoke.test_atmals_gsk_smoke" name="test_atmals_gsk_budget_crossing_scans_only_budgeted_child_prefix" time="0.001" /><testcase classname="tests.smoke.test_atmals_gsk_smoke" name="test_atmals_gsk_zeroes_final_error_without_early_target_stop" time="0.002" /><testcase classname="tests.smoke.test_atmals_gsk_smoke" name="test_atmals_gsk_cec2011_dim1_protocol_branch_runs" time="0.003" /><testcase classname="tests.smoke.test_documentation_commands" name="test_documented_docs_exist" time="0.002" /><testcase classname="tests.smoke.test_documentation_commands" name="test_documented_list_and_validate_commands_are_callable" time="0.372" /><testcase classname="tests.smoke.test_documentation_commands" name="test_canonical_runner_wrappers_show_cli_help" time="1.933" /><testcase classname="tests.smoke.test_documentation_commands" name="test_documented_direct_run_command_writes_result_schema" time="1.710" /><testcase classname="tests.smoke.test_documentation_commands" name="test_direct_run_omits_convergence_graphs_without_flag" time="1.255" /><testcase classname="tests.smoke.test_documentation_commands" name="test_html_documentation_generator_rebuilds_site" time="0.383" /><testcase classname="tests.smoke.test_documentation_commands" name="test_generated_html_local_links_resolve" time="2.248" /><testcase classname="tests.smoke.test_dt_diagnostics_runner" name="test_runner_writes_diagnostics" time="0.092" /><testcase classname="tests.smoke.test_dt_diagnostics_runner" name="test_runner_writes_no_diagnostics_by_default" time="0.058" /><testcase classname="tests.smoke.test_dt_gsk_smoke" name="test_dt_gsk_sphere_runs" time="0.033" /><testcase classname="tests.smoke.test_dt_gsk_smoke" name="test_dt_gsk_deterministic" time="0.079" /><testcase classname="tests.smoke.test_dt_gsk_smoke" name="test_dt_gsk_accepts_dict_options" time="0.034" /><testcase classname="tests.smoke.test_dt_gsk_smoke" name="test_dt_gsk_ignores_injected_fair_start" time="0.083" /><testcase classname="tests.smoke.test_fdb_agsk_smoke" name="test_fdb_agsk_runs_all_five_cases_on_sphere" time="0.045" /><testcase classname="tests.smoke.test_fdb_agsk_smoke" name="test_fdb_agsk_same_seed_replays_trajectory" time="0.017" /><testcase classname="tests.smoke.test_fdb_agsk_smoke" name="test_fdb_agsk_fair_start_matches_internal_initialization_when_state_restored" time="0.010" /><testcase classname="tests.smoke.test_fdb_agsk_smoke" name="test_fdb_agsk_budget_crossing_scans_only_budgeted_child_prefix" time="0.001" /><testcase classname="tests.smoke.test_fdb_agsk_smoke" name="test_fdb_agsk_zeroes_final_error_without_early_target_stop" time="0.001" /><testcase classname="tests.smoke.test_gsk_smoke" name="test_gsk_sphere_smoke_and_result_contract" time="0.003" /><testcase classname="tests.smoke.test_gsk_smoke" name="test_gsk_same_seed_replays_trajectory" time="0.004" /><testcase classname="tests.smoke.test_gsk_smoke" name="test_gsk_fair_start_matches_internal_initialization_when_state_restored" time="0.003" /><testcase classname="tests.smoke.test_gsk_smoke" name="test_gsk_final_generation_is_fully_evaluated_but_nfes_is_clipped" time="0.001" /><testcase classname="tests.smoke.test_gsk_smoke" name="test_gsk_tiny_cec2017_run_uses_python_benchmark_adapter" time="0.003" /><testcase classname="tests.smoke.test_runner_smoke" name="test_run_experiment_writes_result_schema" time="0.077" /><testcase classname="tests.smoke.test_runner_smoke" name="test_run_experiment_logs_to_console_by_default" time="0.052" /><testcase classname="tests.smoke.test_runner_smoke" name="test_cec2011_console_uses_single_native_function_table" time="0.102" /><testcase classname="tests.smoke.test_runner_smoke" name="test_run_experiment_quiet_disables_console_log" time="0.050" /><testcase classname="tests.smoke.test_runner_smoke" name="test_run_experiment_writes_generation_logs_when_enabled" time="0.051" /><testcase classname="tests.smoke.test_runner_smoke" name="test_run_experiment_does_not_write_convergence_graphs_by_default" time="0.052" /><testcase classname="tests.smoke.test_runner_smoke" name="test_run_experiment_can_enable_convergence_graphs" time="0.146" /><testcase classname="tests.smoke.test_runner_smoke" name="test_run_experiment_can_disable_convergence_graphs_from_explicit_true" time="0.223" /><testcase classname="tests.smoke.test_runner_smoke" name="test_run_experiment_refuses_reference_output_root" time="0.003" /><testcase classname="tests.smoke.test_runner_smoke" name="test_unified_seed_schedule_matches_for_future_optimizers" time="0.098" /><testcase classname="tests.smoke.test_runner_smoke" name="test_run_experiment_executes_agsk_optimizer" time="0.048" /><testcase classname="tests.smoke.test_runner_smoke" name="test_run_experiment_executes_apgsk_optimizer" time="0.055" /><testcase classname="tests.smoke.test_runner_smoke" name="test_run_experiment_executes_fdb_agsk_optimizer" time="0.049" /><testcase classname="tests.smoke.test_runner_smoke" name="test_run_experiment_executes_atmals_gsk_optimizer" time="0.051" /><testcase classname="tests.smoke.test_stats_cli_smoke" name="test_cli_runs_and_writes_artifacts" time="0.015" /><testcase classname="tests.smoke.test_stats_cli_smoke" name="test_cli_missing_reference_returns_1" time="0.005" /><testcase classname="tests.smoke.test_stats_cli_smoke" name="test_cli_no_reproduced_data_returns_1" time="0.006" /><testcase classname="tests.smoke.test_stats_flag_smoke" name="test_stats_flag_streams_analysis" time="3.129" /><testcase classname="tests.smoke.test_stats_flag_smoke" name="test_default_run_has_no_statistical_analysis" time="3.147" /><testcase classname="tests.test_imports" name="test_gsk_family_package_imports" time="0.000" /><testcase classname="tests.test_imports" name="test_gsk_family_scaffold_modules_import" time="0.001" /><testcase classname="tests.test_imports" name="test_python_benchmark_suites_import" time="0.000" /><testcase classname="tests.test_imports" name="test_unified_seed_example" time="0.000" /><testcase classname="tests.test_registry_consistency" name="test_every_accepted_id_is_dispatchable" time="0.000" /><testcase classname="tests.test_registry_consistency" name="test_every_dispatchable_id_is_accepted" time="0.000" /><testcase classname="tests.test_registry_consistency" name="test_family_panel_is_exactly_seven" time="0.001" /><testcase classname="tests.test_registry_consistency" name="test_ids_are_unique" time="0.000" /><testcase classname="tests.unit.test_agsk_helpers" name="test_agsk_improvement_credit_matches_reference_floor_rule" time="0.001" /><testcase classname="tests.unit.test_agsk_helpers" name="test_agsk_parameter_slots_preserve_reference_boundaries" time="0.000" /><testcase classname="tests.unit.test_agsk_helpers" name="test_agsk_improvement_credit_is_uniform_when_no_child_improves" time="0.000" /><testcase classname="tests.unit.test_agsk_helpers" name="test_agsk_population_plan_uses_compat_rounding" time="0.000" /><testcase classname="tests.unit.test_agsk_helpers" name="test_agsk_reduction_trims_population_and_k_in_survivor_order" time="0.001" /><testcase classname="tests.unit.test_analyze_dt_diagnostics.TestAnalyze" name="test_writes_all_csvs_and_flags_only_the_trap" time="0.091" /><testcase classname="tests.unit.test_analyze_dt_diagnostics.TestAnalyze" name="test_benign_signals_alone_do_not_flag" time="0.087" /><testcase classname="tests.unit.test_analyze_dt_diagnostics.TestAnalyze" name="test_metadata_from_json_not_filename" time="0.004" /><testcase classname="tests.unit.test_analyze_dt_diagnostics.TestLocalSearchMetrics" name="test_hit_rate_distinguishes_from_waste_frac" time="0.000" /><testcase classname="tests.unit.test_analyze_dt_diagnostics.TestLocalSearchMetrics" name="test_hit_rate_nan_when_no_triggers" time="0.000" /><testcase classname="tests.unit.test_analyze_dt_diagnostics.TestNumDecoding" name="test_non_finite_strings" time="0.000" /><testcase classname="tests.unit.test_apgsk_helpers" name="test_apgsk_uses_positive_kf_pool_in_initial_phase" time="0.000" /><testcase classname="tests.unit.test_apgsk_helpers" name="test_apgsk_negative_kf_pool_requires_adaptive_rule_to_fail" time="0.000" /><testcase classname="tests.unit.test_apgsk_helpers" name="test_apgsk_positive_kf_pool_requires_draw_and_budget_progress" time="0.000" /><testcase classname="tests.unit.test_apgsk_helpers" name="test_apgsk_stochastic_junior_dimension_uses_compat_rounding" time="0.000" /><testcase classname="tests.unit.test_atmals_helpers" name="test_atmals_gaussmf_matches_formula" time="0.000" /><testcase classname="tests.unit.test_atmals_helpers" name="test_atmals_prob_update_preserves_oldest_row_largest_alpha_weight" time="0.001" /><testcase classname="tests.unit.test_atmals_helpers" name="test_atmals_prob_update_appends_zero_reward_when_signal_ties" time="0.000" /><testcase classname="tests.unit.test_atmals_helpers" name="test_atmals_prob_update_avoids_nan_when_improvement_scale_overflows" time="0.000" /><testcase classname="tests.unit.test_atmals_helpers" name="test_atmals_compact_probability_memory_matches_reference_update" time="0.001" /><testcase classname="tests.unit.test_atmals_helpers" name="test_atmals_roulette_select_uses_cumulative_threshold" time="0.001" /><testcase classname="tests.unit.test_atmals_helpers" name="test_atmals_power_roulette_select_matches_direct_power_when_finite" time="0.001" /><testcase classname="tests.unit.test_atmals_helpers" name="test_atmals_power_roulette_select_avoids_overflow" time="0.001" /><testcase classname="tests.unit.test_atmals_helpers" name="test_atmals_senior_partitions_are_protocol_local" time="0.001" /><testcase classname="tests.unit.test_benchmark_adapter" name="test_make_problem_evaluates_population_for_each_suite[cec2011-1-None]" time="0.001" /><testcase classname="tests.unit.test_benchmark_adapter" name="test_make_problem_evaluates_population_for_each_suite[cec2013-1-10]" time="0.001" /><testcase classname="tests.unit.test_benchmark_adapter" name="test_make_problem_evaluates_population_for_each_suite[cec2013lsgo-1-None]" time="0.001" /><testcase classname="tests.unit.test_benchmark_adapter" name="test_make_problem_evaluates_population_for_each_suite[cec2017-1-10]" time="0.001" /><testcase classname="tests.unit.test_benchmark_adapter" name="test_make_problem_evaluates_population_for_each_suite[cec2020-2-5]" time="0.001" /><testcase classname="tests.unit.test_benchmark_adapter" name="test_sphere_problem_evaluates_exactly" time="0.000" /><testcase classname="tests.unit.test_benchmark_adapter" name="test_cec2017_default_functions_exclude_f2_but_explicit_f2_is_constructible" time="0.000" /><testcase classname="tests.unit.test_benchmark_adapter" name="test_native_raw_objective_suites_use_nan_optimum_and_no_target" time="0.000" /><testcase classname="tests.unit.test_benchmark_adapter" name="test_known_optimum_suites_use_error_statistics" time="0.000" /><testcase classname="tests.unit.test_benchmark_adapter" name="test_cec2011_bounds_are_copied_into_mutable_problem_arrays" time="0.000" /><testcase classname="tests.unit.test_benchmark_adapter" name="test_cec2011_f4_f6_match_reference_probe_values" time="0.023" /><testcase classname="tests.unit.test_benchmark_adapter" name="test_cec2011_f2_f3_f10_match_reference_probe_values" time="0.002" /><testcase classname="tests.unit.test_benchmark_adapter" name="test_cec2017_d10_zero_vector_matches_cpp_oracle_all_functions" time="0.096" /><testcase classname="tests.unit.test_benchmark_adapter" name="test_cec2013_d10_probe_values_match_cpp_regression_guard" time="0.046" /><testcase classname="tests.unit.test_benchmark_adapter" name="test_cec2020_composition_zero_vector_matches_cpp_oracle" time="0.004" /><testcase classname="tests.unit.test_benchmark_adapter" name="test_cec2013lsgo_native_dimensions_are_function_specific" time="0.001" /><testcase classname="tests.unit.test_benchmark_adapter" name="test_validation_rejects_bad_suite_function_dimension_and_budget" time="0.002" /><testcase classname="tests.unit.test_benchmark_adapter" name="test_evaluate_rejects_bad_population_shape_empty_and_nonfinite" time="0.001" /><testcase classname="tests.unit.test_benchmark_adapter" name="test_cec2017_strict_fp_mode_evaluates_sensitive_function" time="0.022" /><testcase classname="tests.unit.test_benchmark_adapter" name="test_benchmark_fp_mode_rejects_unknown_value" time="0.001" /><testcase classname="tests.unit.test_benchmark_adapter" name="test_bounds_are_expected_shape_and_mutable_for_all_primary_cases" time="0.001" /><testcase classname="tests.unit.test_bounds" name="test_gsk_bound_repair_uses_midpoints_for_strict_violations" time="0.001" /><testcase classname="tests.unit.test_bounds" name="test_gsk_bound_repair_preserves_on_bound_values_and_inputs" time="0.001" /><testcase classname="tests.unit.test_bounds" name="test_gsk_bound_repair_broadcasts_vector_bounds" time="0.001" /><testcase classname="tests.unit.test_bounds" name="test_gsk_bound_repair_validates_shapes_and_bounds" time="0.001" /><testcase classname="tests.unit.test_check_manifest_union" name="test_single_manifest_strict_flags_other_release_as_unlisted" time="0.028" /><testcase classname="tests.unit.test_check_manifest_union" name="test_union_of_both_manifests_passes_strict_inventory" time="0.034" /><testcase classname="tests.unit.test_check_manifest_union" name="test_union_still_fails_on_genuinely_unlisted_file" time="0.044" /><testcase classname="tests.unit.test_check_manifest_union" name="test_byte_checks_stay_per_manifest" time="0.035" /><testcase classname="tests.unit.test_cli_run" name="test_direct_cli_expands_ranges_for_simple_cec2017_campaign" time="0.000" /><testcase classname="tests.unit.test_cli_run" name="test_direct_cli_can_override_default_parallel_workers" time="0.000" /><testcase classname="tests.unit.test_cli_run" name="test_direct_cli_accepts_native_dimension_keyword_for_cec2011" time="0.000" /><testcase classname="tests.unit.test_cli_run" name="test_direct_cli_accepts_numba_threads_override" time="0.000" /><testcase classname="tests.unit.test_cli_run" name="test_direct_cli_quiet_disables_default_console_log" time="0.000" /><testcase classname="tests.unit.test_cli_run" name="test_direct_cli_can_disable_default_generation_logs" time="0.000" /><testcase classname="tests.unit.test_cli_run" name="test_direct_cli_can_disable_default_convergence_graphs" time="0.000" /><testcase classname="tests.unit.test_cli_run" name="test_direct_cli_can_force_default_convergence_graphs" time="0.000" /><testcase classname="tests.unit.test_cli_run" name="test_direct_cli_accepts_benchmark_fp_mode" time="0.000" /><testcase classname="tests.unit.test_cli_run" name="test_direct_cli_rejects_invalid_ranges" time="0.000" /><testcase classname="tests.unit.test_cli_run" name="test_direct_cli_rejects_mixed_dimension_keyword_and_numbers" time="0.000" /><testcase classname="tests.unit.test_config" name="test_config_rejects_unknown_keys" time="0.000" /><testcase classname="tests.unit.test_config" name="test_config_resolves_default_functions_and_dimensions" time="0.000" /><testcase classname="tests.unit.test_config" name="test_default_worker_count_uses_safe_two_worker_baseline" time="0.000" /><testcase classname="tests.unit.test_config" name="test_effective_worker_count_caps_automatic_cec2017_composition_cells" time="0.000" /><testcase classname="tests.unit.test_config" name="test_config_accepts_phase9_performance_keys" time="0.000" /><testcase classname="tests.unit.test_config" name="test_config_rejects_bad_performance_keys" time="0.001" /><testcase classname="tests.unit.test_config" name="test_load_config_requires_yaml_mapping" time="0.004" /><testcase classname="tests.unit.test_config" name="test_all_optimizer_review_configs_load" time="0.006" /><testcase classname="tests.unit.test_docstrings" name="test_all_source_modules_classes_functions_and_methods_have_docstrings" time="0.234" /><testcase classname="tests.unit.test_donors" name="test_junior_donors_use_rank_neighbors_for_sorted_order" time="0.001" /><testcase classname="tests.unit.test_donors" name="test_junior_donors_use_rank_neighbors_for_permuted_order" time="0.001" /><testcase classname="tests.unit.test_donors" name="test_junior_donors_preserve_r3_draw_order" time="0.001" /><testcase classname="tests.unit.test_donors" name="test_senior_donors_draw_from_reference_rank_blocks" time="0.001" /><testcase classname="tests.unit.test_donors" name="test_senior_donors_support_shrinking_population_edge" time="0.001" /><testcase classname="tests.unit.test_donors" name="test_senior_donors_preserve_draw_order" time="0.001" /><testcase classname="tests.unit.test_donors" name="test_donor_helpers_validate_reference_constraints" time="0.003" /><testcase classname="tests.unit.test_dt_deep_stall_restart.TestDeepStallRestart" name="test_default_is_on_and_rescues_trap" time="14.137" /><testcase classname="tests.unit.test_dt_deep_stall_restart.TestDeepStallRestart" name="test_inert_on_non_stalling_run" time="2.380" /><testcase classname="tests.unit.test_dt_deep_stall_restart.TestDeepStallRestart" name="test_min_budget_guard_keeps_tiny_budgets_inert" time="0.557" /><testcase classname="tests.unit.test_dt_diagnostics.TestDisabledIsBehaviorPreserving" name="test_disabled_matches_no_options" time="0.167" /><testcase classname="tests.unit.test_dt_diagnostics.TestDisabledIsBehaviorPreserving" name="test_enabled_is_numerically_identical_to_disabled" time="0.248" /><testcase classname="tests.unit.test_dt_diagnostics.TestEnabledWritesDiagnostics" name="test_one_parseable_jsonl_per_cell" time="0.164" /><testcase classname="tests.unit.test_dt_diagnostics.TestEnabledWritesDiagnostics" name="test_disabled_writes_nothing" time="0.081" /><testcase classname="tests.unit.test_dt_diagnostics.TestEnabledWritesDiagnostics" name="test_compact_subset_when_include_all_false" time="0.151" /><testcase classname="tests.unit.test_dt_diagnostics.TestSanitizeJsonValue" name="test_non_finite_floats_become_strings" time="0.001" /><testcase classname="tests.unit.test_dt_diagnostics.TestSanitizeJsonValue" name="test_numpy_and_containers" time="0.001" /><testcase classname="tests.unit.test_dt_profiles" name="test_pub_config_matches_source[10]" time="0.001" /><testcase classname="tests.unit.test_dt_profiles" name="test_pub_config_matches_source[100]" time="0.001" /><testcase classname="tests.unit.test_dt_profiles" name="test_pub_config_matches_source[30]" time="0.001" /><testcase classname="tests.unit.test_dt_profiles" name="test_pub_config_matches_source[50]" time="0.001" /><testcase classname="tests.unit.test_dt_rng" name="test_substream_names_order_is_load_bearing" time="0.000" /><testcase classname="tests.unit.test_dt_rng" name="test_substream_names_match_dataclass_fields" time="0.000" /><testcase classname="tests.unit.test_dt_rng" name="test_prefix_lock_first_nine" time="0.000" /><testcase classname="tests.unit.test_dt_rng" name="test_default_generator_is_threefry" time="0.000" /><testcase classname="tests.unit.test_dt_rng" name="test_child_seed_matches_source[0]" time="0.000" /><testcase classname="tests.unit.test_dt_rng" name="test_child_seed_matches_source[1]" time="0.000" /><testcase classname="tests.unit.test_dt_rng" name="test_child_seed_matches_source[42]" time="0.001" /><testcase classname="tests.unit.test_dt_rng" name="test_child_seed_matches_source[12345]" time="0.001" /><testcase classname="tests.unit.test_dt_rng" name="test_child_seed_matches_source[987654321]" time="0.000" /><testcase classname="tests.unit.test_dt_rng" name="test_random_streams_match_source[0]" time="0.001" /><testcase classname="tests.unit.test_dt_rng" name="test_random_streams_match_source[1]" time="0.001" /><testcase classname="tests.unit.test_dt_rng" name="test_random_streams_match_source[42]" time="0.001" /><testcase classname="tests.unit.test_dt_rng" name="test_random_streams_match_source[12345]" time="0.001" /><testcase classname="tests.unit.test_dt_rng" name="test_random_streams_match_source[987654321]" time="0.001" /><testcase classname="tests.unit.test_dt_rng" name="test_integers_permutation_scalar_match_source[0]" time="0.001" /><testcase classname="tests.unit.test_dt_rng" name="test_integers_permutation_scalar_match_source[1]" time="0.001" /><testcase classname="tests.unit.test_dt_rng" name="test_integers_permutation_scalar_match_source[42]" time="0.001" /><testcase classname="tests.unit.test_dt_rng" name="test_integers_permutation_scalar_match_source[12345]" time="0.001" /><testcase classname="tests.unit.test_dt_rng" name="test_integers_permutation_scalar_match_source[987654321]" time="0.001" /><testcase classname="tests.unit.test_dt_rng" name="test_substreams_are_independent" time="0.000" /><testcase classname="tests.unit.test_egsk" name="test_smoke_oracle_sphere" time="0.019" /><testcase classname="tests.unit.test_egsk" name="test_solves_easy_cec2017" time="0.625" /><testcase classname="tests.unit.test_egsk" name="test_runs_within_budget_and_finite" time="0.958" /><testcase classname="tests.unit.test_egsk" name="test_deterministic" time="0.721" /><testcase classname="tests.unit.test_egsk" name="test_registered_runnable" time="0.001" /><testcase classname="tests.unit.test_egsk" name="test_statistical_sanity_vs_reference" time="3.145" /><testcase classname="tests.unit.test_family_report.TestAnalyzeFamily" name="test_builds_panel_and_rows" time="0.015" /><testcase classname="tests.unit.test_family_report.TestAnalyzeFamily" name="test_missing_dimension_skipped" time="0.015" /><testcase classname="tests.unit.test_family_report.TestWriteReport" name="test_writes_text_csv_latex" time="0.017" /><testcase classname="tests.unit.test_family_report.TestWriteReport" name="test_figures_written_when_enabled" time="0.253" /><testcase classname="tests.unit.test_fdb_scores" name="test_fdb_score_best_selects_fitness_distance_balance_argmax" time="0.001" /><testcase classname="tests.unit.test_fdb_scores" name="test_fdb_score_ranking_returns_descending_score_order" time="0.001" /><testcase classname="tests.unit.test_fdb_scores" name="test_fdb_score_roulette_uses_score_weighted_threshold" time="0.001" /><testcase classname="tests.unit.test_fdb_scores" name="test_fdb_flat_fitness_degenerate_branches_match_reference_shape" time="0.002" /><testcase classname="tests.unit.test_fdb_scores" name="test_fdb_senior_case1_injects_fdb_index_as_r2" time="0.001" /><testcase classname="tests.unit.test_fdb_scores" name="test_fdb_senior_case2_uses_fdb_ranking_tail_for_r3" time="0.001" /><testcase classname="tests.unit.test_fdb_scores" name="test_fdb_junior_case3_injects_rfdb_as_r2_and_repairs_r3_collisions" time="0.001" /><testcase classname="tests.unit.test_figures.TestNemenyiCD" name="test_known_value_k7_n29" time="0.000" /><testcase classname="tests.unit.test_figures.TestNemenyiCD" name="test_explicit_q_alpha_overrides_table" time="0.000" /><testcase classname="tests.unit.test_figures.TestNemenyiCD" name="test_too_few_algorithms_raises" time="0.000" /><testcase classname="tests.unit.test_figures.TestNemenyiCD" name="test_unknown_k_raises" time="0.000" /><testcase classname="tests.unit.test_figures.TestIsProposed" name="test_hyphen_and_case_insensitive" time="0.000" /><testcase classname="tests.unit.test_figures.TestIsProposed" name="test_rejects_comparators" time="0.000" /><testcase classname="tests.unit.test_figures.TestRenderers" name="test_cd_diagram_writes_file" time="0.095" /><testcase classname="tests.unit.test_figures.TestRenderers" name="test_rank_chart_writes_file" time="0.065" /><testcase classname="tests.unit.test_latex_tables.TestFriedmanRanksLatex" name="test_structure_and_bolding" time="0.000" /><testcase classname="tests.unit.test_latex_tables.TestFriedmanRanksLatex" name="test_missing_dim_renders_dash" time="0.000" /><testcase classname="tests.unit.test_latex_tables.TestWilcoxonSummaryLatex" name="test_columns_and_rows" time="0.000" /><testcase classname="tests.unit.test_latex_tables.TestWilcoxonSummaryLatex" name="test_tiny_pvalue_scientific" time="0.000" /><testcase classname="tests.unit.test_numeric_compat" name="test_compat_round_halves_away_from_zero" time="0.000" /><testcase classname="tests.unit.test_numeric_compat" name="test_compat_fix_rounds_toward_zero" time="0.000" /><testcase classname="tests.unit.test_numeric_compat" name="test_stable_sort_and_argsort_preserve_tie_order" time="0.000" /><testcase classname="tests.unit.test_numeric_compat" name="test_index_conversion_helpers" time="0.001" /><testcase classname="tests.unit.test_numeric_compat" name="test_ensure_2d_population_validates_row_candidate_shape" time="0.000" /><testcase classname="tests.unit.test_parallel" name="test_parallel_executor_emits_heartbeat_while_tasks_are_running" time="0.119" /><testcase classname="tests.unit.test_population" name="test_gsk_init_population_uses_one_population_sized_draw" time="0.003" /><testcase classname="tests.unit.test_population" name="test_gsk_initial_population_from_options_uses_prefix_copy" time="0.001" /><testcase classname="tests.unit.test_population" name="test_gsk_initial_population_from_options_draws_when_x0_missing" time="0.002" /><testcase classname="tests.unit.test_population" name="test_gsk_restore_rng_after_initialization_requires_matching_x0" time="0.004" /><testcase classname="tests.unit.test_population" name="test_gsk_initial_population_from_options_validates_shape" time="0.002" /><testcase classname="tests.unit.test_population" name="test_infer_dimension_rejects_inconsistent_inputs" time="0.001" /><testcase classname="tests.unit.test_promote_suite" name="test_unknown_suite_is_refused" time="0.002" /><testcase classname="tests.unit.test_promote_suite" name="test_cec2020_locked_while_campaign_incomplete" time="0.000"><skipped type="pytest.skip" message="cec2020 already promoted; lock test is moot">D:\AI\Research-Lab\DT-GSK\tests\unit\test_promote_suite.py:35: cec2020 already promoted; lock test is moot</skipped></testcase><testcase classname="tests.unit.test_promote_suite" name="test_dry_run_writes_nothing" time="0.000"><skipped type="pytest.skip" message="cec2013lsgo already promoted; dry-run precondition gone">D:\AI\Research-Lab\DT-GSK\tests\unit\test_promote_suite.py:45: cec2013lsgo already promoted; dry-run precondition gone</skipped></testcase><testcase classname="tests.unit.test_promote_suite" name="test_existing_destination_is_refused" time="0.004" /><testcase classname="tests.unit.test_reduction" name="test_gsk_reduction_survivors_keeps_best_rows_in_original_order" time="0.000" /><testcase classname="tests.unit.test_reduction" name="test_gsk_reduction_survivors_removes_highest_original_ties_first" time="0.000" /><testcase classname="tests.unit.test_reduction" name="test_gsk_reduction_survivors_handles_zero_and_all_removals" time="0.000" /><testcase classname="tests.unit.test_reduction" name="test_gsk_reduction_survivors_validates_inputs" time="0.000" /><testcase classname="tests.unit.test_reference_loader" name="test_normalize_function_label_accepts_common_forms" time="0.001" /><testcase classname="tests.unit.test_reference_loader" name="test_parse_optional_float_handles_reference_missing_tokens" time="0.001" /><testcase classname="tests.unit.test_reference_loader" name="test_load_reference_table_supports_d_zero_padding_and_missing_cells" time="0.006" /><testcase classname="tests.unit.test_result_loader.TestParseFuncId" name="test_numeric" time="0.000" /><testcase classname="tests.unit.test_result_loader.TestParseFuncId" name="test_f_prefix" time="0.000" /><testcase classname="tests.unit.test_result_loader.TestParseFuncId" name="test_whitespace" time="0.000" /><testcase classname="tests.unit.test_result_loader.TestParseFloat" name="test_valid" time="0.000" /><testcase classname="tests.unit.test_result_loader.TestParseFloat" name="test_empty_and_na" time="0.000" /><testcase classname="tests.unit.test_result_loader.TestFunctionStats" name="test_has_mean" time="0.000" /><testcase classname="tests.unit.test_result_loader.TestFunctionStats" name="test_full_stats" time="0.000" /><testcase classname="tests.unit.test_result_loader.TestFunctionStats" name="test_mean_sd_str" time="0.000" /><testcase classname="tests.unit.test_result_loader.TestLoadSchemaA" name="test_loads_all_functions" time="0.001" /><testcase classname="tests.unit.test_result_loader.TestLoadSchemaA" name="test_f1_and_full_stats" time="0.001" /><testcase classname="tests.unit.test_result_loader.TestLoadSchemaA" name="test_f2_excluded" time="0.001" /><testcase classname="tests.unit.test_result_loader.TestHighLevelLoading" name="test_load_reference_gsk" time="0.001" /><testcase classname="tests.unit.test_result_loader.TestHighLevelLoading" name="test_load_reference_nonexistent" time="0.000" /><testcase classname="tests.unit.test_result_loader.TestHighLevelLoading" name="test_load_comparison_set" time="0.001" /><testcase classname="tests.unit.test_result_loader.TestHighLevelLoading" name="test_discover_references" time="0.000" /><testcase classname="tests.unit.test_result_loader.TestHighLevelLoading" name="test_mean_errors_excludes_f2" time="0.001" /><testcase classname="tests.unit.test_result_loader.TestComparisonSets" name="test_gsk_family_size" time="0.000" /><testcase classname="tests.unit.test_result_loader.TestComparisonSets" name="test_suite_dims" time="0.000" /><testcase classname="tests.unit.test_result_loader.TestComparisonSets" name="test_excluded_funcs" time="0.000" /><testcase classname="tests.unit.test_result_loader.TestCommonFuncIds" name="test_two_algorithms" time="0.001" /><testcase classname="tests.unit.test_result_loader.TestCommonFuncIds" name="test_empty" time="0.000" /><testcase classname="tests.unit.test_result_loader.TestProvenanceReport" name="test_report_format" time="0.001" /><testcase classname="tests.unit.test_result_loader.TestReproducedPathResolution" name="test_run_all_suite_partitioned_layout_resolved" time="0.004" /><testcase classname="tests.unit.test_result_loader.TestReproducedPathResolution" name="test_dt_gsk_uses_same_flat_per_optimizer_layout" time="0.002" /><testcase classname="tests.unit.test_result_loader.TestReproducedPathResolution" name="test_cec2011_uppercase_combined_summary_resolved" time="0.003" /><testcase classname="tests.unit.test_result_loader.TestReproducedPathResolution" name="test_legacy_flat_fallback" time="0.002" /><testcase classname="tests.unit.test_result_loader.TestReproducedPathResolution" name="test_missing_returns_none" time="0.002" /><testcase classname="tests.unit.test_rng" name="test_generator_mapping_documents_python_native_equivalents" time="0.000" /><testcase classname="tests.unit.test_rng" name="test_threefry_reproduces_reference_stream" time="0.001" /><testcase classname="tests.unit.test_rng" name="test_threefry_matrix_fill_is_column_major" time="0.000" /><testcase classname="tests.unit.test_rng" name="test_threefry_randi_matches_reference" time="0.000" /><testcase classname="tests.unit.test_rng" name="test_threefry_randperm_matches_reference" time="0.000" /><testcase classname="tests.unit.test_rng" name="test_threefry_does_not_overflow_at_top_of_seed_range" time="0.001" /><testcase classname="tests.unit.test_rng" name="test_twister_reproduces_reference_stream" time="0.001" /><testcase classname="tests.unit.test_rng" name="test_seed_mcg16807_reproduces_reference_stream" time="0.007" /><testcase classname="tests.unit.test_rng" name="test_seed_mcg16807_overflow_fold_for_large_seeds" time="0.000" /><testcase classname="tests.unit.test_rng" name="test_reference_generators_are_distinct_and_deterministic" time="0.001" /><testcase classname="tests.unit.test_rng" name="test_twister_and_seed_matrix_fill_is_column_major" time="0.001" /><testcase classname="tests.unit.test_rng" name="test_random_context_replay_is_deterministic" time="0.001" /><testcase classname="tests.unit.test_rng" name="test_random_context_state_copy_restore" time="0.000" /><testcase classname="tests.unit.test_rng" name="test_randi_is_inclusive_and_randperm_is_zero_based" time="0.001" /><testcase classname="tests.unit.test_rng" name="test_init_population_draws_within_bounds" time="0.001" /><testcase classname="tests.unit.test_rng" name="test_fair_start_captures_post_initialization_state" time="0.002" /><testcase classname="tests.unit.test_rng" name="test_random_context_rejects_unknown_generator" time="0.001" /><testcase classname="tests.unit.test_seed_policy" name="test_unified_seed_formula_matches_documented_example" time="0.000" /><testcase classname="tests.unit.test_seed_policy" name="test_unified_seed_formula_range_is_safe" time="0.000" /><testcase classname="tests.unit.test_seed_policy" name="test_reference_seed_rules_match_optimizer_families" time="0.000" /><testcase classname="tests.unit.test_seed_policy" name="test_seed_for_run_selects_policy" time="0.000" /><testcase classname="tests.unit.test_seed_policy" name="test_effective_rand_generator_policy_rules" time="0.000" /><testcase classname="tests.unit.test_seed_policy" name="test_verify_unified_seed_schedule_detects_mismatch" time="0.000" /><testcase classname="tests.unit.test_statistical_tests_extra.TestExtraComparators" name="test_reference_self_folded_into_both_panels" time="0.012" /><testcase classname="tests.unit.test_statistical_tests_extra.TestExtraComparators" name="test_absent_without_extra" time="0.011" /><testcase classname="tests.unit.test_statistical_tests_extra.TestExtraComparators" name="test_missing_extra_csv_skipped" time="0.012" /><testcase classname="tests.unit.test_statistical_tests_extra.TestCec2011Comparators" name="test_native_rollup_panels_and_self_ties" time="0.015" /><testcase classname="tests.unit.test_statistical_tests_friedman.TestFriedmanDegenerate" name="test_all_constant_returns_nan_and_emits_warning" time="0.002" /><testcase classname="tests.unit.test_statistical_tests_friedman.TestFriedmanDegenerate" name="test_clear_ranking_still_significant" time="0.002" /><testcase classname="tests.unit.test_statistical_tests_friedman.TestFriedmanSmallN" name="test_fewer_than_three_functions_keeps_default_pvalue" time="0.000" /><testcase classname="tests.unit.test_statistics.TestWilcoxonPaired" name="test_identical" time="0.000" /><testcase classname="tests.unit.test_statistics.TestWilcoxonPaired" name="test_clear_difference" time="0.000" /><testcase classname="tests.unit.test_statistics.TestWilcoxonPaired" name="test_literature_review_example" time="0.001" /><testcase classname="tests.unit.test_statistics.TestWilcoxonPaired" name="test_symmetric_no_difference" time="0.000" /><testcase classname="tests.unit.test_statistics.TestHolmCorrection" name="test_single" time="0.000" /><testcase classname="tests.unit.test_statistics.TestHolmCorrection" name="test_multiple" time="0.001" /><testcase classname="tests.unit.test_statistics.TestHolmCorrection" name="test_all_significant" time="0.001" /><testcase classname="tests.unit.test_statistics.TestFriedmanRank" name="test_identical_algorithms" time="0.001" /><testcase classname="tests.unit.test_statistics.TestFriedmanRank" name="test_clear_ranking" time="0.001" /><testcase classname="tests.unit.test_statistics.TestFriedmanRank" name="test_returns_correct_counts" time="0.000" /><testcase classname="tests.unit.test_statistics.TestVarghaDelaney" name="test_identical" time="0.000" /><testcase classname="tests.unit.test_statistics.TestVarghaDelaney" name="test_x_always_better" time="0.000" /><testcase classname="tests.unit.test_statistics.TestVarghaDelaney" name="test_x_always_worse" time="0.000" /><testcase classname="tests.unit.test_statistics.TestVarghaDelaney" name="test_empty_input_raises" time="0.000" /><testcase classname="tests.unit.test_statistics.TestWinTieLoss" name="test_all_wins" time="0.000" /><testcase classname="tests.unit.test_statistics.TestWinTieLoss" name="test_mixed" time="0.000" /><testcase classname="tests.unit.test_statistics.TestWinTieLoss" name="test_tolerance" time="0.000" /><testcase classname="tests.unit.test_stats" name="test_sample_sd_uses_ddof_one_and_singleton_zero" time="0.000" /><testcase classname="tests.unit.test_stats" name="test_summarize_returns_cec_ordered_statistics" time="0.000" /><testcase classname="tests.unit.test_stats" name="test_summarize_rejects_empty_and_nonfinite" time="0.000" /><testcase classname="tests.unit.test_stats" name="test_compute_error_target_zeroing_is_strict_less_than_target" time="0.000" /><testcase classname="tests.unit.test_stats" name="test_statistic_values_support_raw_and_error_basis" time="0.001" /><testcase classname="tests.unit.test_stats" name="test_format_scientific_handles_special_values" time="0.000" /><testcase classname="tests.unit.test_strict_source_guard.TestModeSwitching" name="test_default_is_non_strict" time="0.000" /><testcase classname="tests.unit.test_strict_source_guard.TestModeSwitching" name="test_env_var_enables_strict" time="0.000" /><testcase classname="tests.unit.test_strict_source_guard.TestModeSwitching" name="test_set_strict_source_overrides_env" time="0.000" /><testcase classname="tests.unit.test_strict_source_guard.TestStrictBlocksStagingFallback" name="test_load_algorithm_blocks_run_all_fallback" time="0.005" /><testcase classname="tests.unit.test_strict_source_guard.TestStrictBlocksStagingFallback" name="test_load_reproduced_refuses_in_strict_mode" time="0.003" /><testcase classname="tests.unit.test_strict_source_guard.TestStrictBlocksStagingFallback" name="test_reproduced_resolver_refuses_in_strict_mode" time="0.003" /><testcase classname="tests.unit.test_strict_source_guard.TestStrictBlocksStagingFallback" name="test_open_chokepoint_refuses_non_reference_file" time="0.003" /><testcase classname="tests.unit.test_strict_source_guard.TestStrictAllowsReference" name="test_reference_load_allowed_and_tagged" time="0.001" /><testcase classname="tests.unit.test_strict_source_guard.TestStrictAllowsReference" name="test_missing_reference_cell_fails_loudly" time="0.001" /><testcase classname="tests.unit.test_strict_source_guard.TestSourceAuditLog" name="test_strict_load_records_opened_path" time="0.001" /><testcase classname="tests.unit.test_strict_source_guard.TestSourceAuditLog" name="test_non_strict_load_is_logged_too" time="0.001" /><testcase classname="tests.unit.test_strict_source_guard.TestSourceAuditLog" name="test_module_logger_emits_opened_path" time="0.001" /><testcase classname="tests.unit.test_strict_source_guard.TestDefaultBehaviourUnchanged" name="test_non_strict_fallback_still_works" time="0.004" /><testcase classname="tests.unit.test_strict_source_guard.TestDefaultBehaviourUnchanged" name="test_non_strict_missing_returns_none" time="0.000" /><testcase classname="tests.unit.test_strict_source_guard.TestStatsCliStrictSource" name="test_cli_strict_source_runs_and_writes_source_audit" time="0.021" /><testcase classname="tests.unit.test_verification" name="test_verification_missing_reference_yields_not_verified_no_reference" time="0.005" /><testcase classname="tests.unit.test_verification" name="test_verification_negative_error_floor_is_hard_failure" time="0.008" /><testcase classname="tests.unit.test_verification" name="test_reduced_budget_suppresses_gross_deviation_hard_failure" time="0.008" /><testcase classname="tests.unit.test_verification" name="test_verify_run_directory_writes_verification_json" time="0.021" /><testcase classname="tests.unit.test_verification" name="test_validate_cli_compare_fails_when_no_functions_are_checked" time="0.007" /><testcase classname="tests.unit.test_verification" name="test_validate_cli_default_references_are_checked" time="0.139" /><testcase classname="tests.unit.test_wilcoxon_zero_policy" name="test_default_keeps_exact_zero_behavior" time="0.000" /><testcase classname="tests.unit.test_wilcoxon_zero_policy" name="test_band_excludes_sub_tolerance_pair" time="0.000" /><testcase classname="tests.unit.test_wilcoxon_zero_policy" name="test_band_keeps_large_magnitude_pair" time="0.000" /><testcase classname="tests.unit.test_wilcoxon_zero_policy" name="test_band_changes_only_membership_not_ranking" time="0.001" /><testcase classname="tests.unit.test_wilcoxon_zero_policy" name="test_all_pairs_inside_band_degenerates_to_p_one" time="0.001" /></testsuite></testsuites>